
**** Build of configuration Debug for project RadFX_v1 ****

/Applications/ti/ccs1040/ccs/utils/bin/gmake -k -j 3 all -O 
 
Building file: "../main.c"
Invoking: MSP430 Compiler
"/Applications/ti/ccs1040/ccs/tools/compiler/ti-cgt-msp430_20.2.5.LTS/bin/cl430" -vmspx --data_model=restricted --use_hw_mpy=F5 --include_path="/Applications/ti/ccs1040/ccs/ccs_base/msp430/include" --include_path="/Users/stephen/Desktop/MSP430_Project/resources/CCS/RadFX_v1" --include_path="/Applications/ti/ccs1040/ccs/tools/compiler/ti-cgt-msp430_20.2.5.LTS/include" --advice:power=all --advice:hw_config=all --define=__MSP430FR6989__ --define=_MPU_ENABLE -g --printf_support=minimal --diag_warning=225 --diag_wrap=off --display_error_number --silicon_errata=CPU21 --silicon_errata=CPU22 --silicon_errata=CPU40 --preproc_with_compile --preproc_dependency="main.d_raw"  "../main.c"
 
>> Compilation failure
subdir_rules.mk:7: recipe for target 'main.obj' failed
"../main.c", line 22: remark #1527-D: (ULP 2.1) Detected SW delay loop using empty loop. Recommend using a timer module instead
"../main.c", line 62: error #20: identifier "uart_rx_counter" is undefined
"../main.c", line 67: remark #1528-D: (ULP 3.1) Detected flag polling using UCA0IFG. Recommend using an interrupt combined with enter LPMx and ISR
"../main.c", line 73: warning #225-D: function "strlen" declared implicitly
"../main.c", line 90: remark #1530-D: (ULP 5.1) Detected modulo operation(s). Recommend moving them to RAM during run time or not using as these are processing/power intensive
"../main.c", line 91: remark #1530-D: (ULP 5.1) Detected divide operation(s). Recommend moving them to RAM during run time or not using as these are processing/power intensive
"../main.c", line 96: remark #2553-D: (ULP 14.1) Array index (involving "reverse") of type "long". Recommend using "unsigned long"
"../main.c", line 96: remark #1530-D: (ULP 5.1) Detected modulo operation(s). Recommend moving them to RAM during run time or not using as these are processing/power intensive
"../main.c", line 97: remark #1530-D: (ULP 5.1) Detected divide operation(s). Recommend moving them to RAM during run time or not using as these are processing/power intensive
"../main.c", line 153: warning #225-D: function "adc" declared implicitly
"../main.c", line 185: remark #2553-D: (ULP 14.1) Array index (involving "i") of type "int". Recommend using "unsigned int"
"../main.c", line 197: remark #1538-D: (ULP 10.1) ISR ADC12_ISR calls function uart_tx. Recommend moving function call away from ISR, or inlining the function, or using pragmas
"../main.c", line 198: remark #1538-D: (ULP 10.1) ISR ADC12_ISR calls function uart_tx. Recommend moving function call away from ISR, or inlining the function, or using pragmas
"../main.c", line 199: remark #1544-D: (ULP 13.1) Detected loop counting up. Recommend loops count down as detecting zeros is easier
"../main.c", line 200: remark #1538-D: (ULP 10.1) ISR ADC12_ISR calls function uart_tx_number. Recommend moving function call away from ISR, or inlining the function, or using pragmas
"../main.c", line 200: remark #2553-D: (ULP 14.1) Array index (involving "i") of type "int". Recommend using "unsigned int"
"../main.c", line 201: remark #1538-D: (ULP 10.1) ISR ADC12_ISR calls function uart_tx. Recommend moving function call away from ISR, or inlining the function, or using pragmas
"../main.c", line 203: remark #1538-D: (ULP 10.1) ISR ADC12_ISR calls function uart_tx. Recommend moving function call away from ISR, or inlining the function, or using pragmas
"../main.c", line 204: remark #1538-D: (ULP 10.1) ISR ADC12_ISR calls function uart_tx. Recommend moving function call away from ISR, or inlining the function, or using pragmas
1 error detected in the compilation of "../main.c".
gmake: *** [main.obj] Error 1
Building file: "../memex_code_for_reference.c"
Invoking: MSP430 Compiler
"/Applications/ti/ccs1040/ccs/tools/compiler/ti-cgt-msp430_20.2.5.LTS/bin/cl430" -vmspx --data_model=restricted --use_hw_mpy=F5 --include_path="/Applications/ti/ccs1040/ccs/ccs_base/msp430/include" --include_path="/Users/stephen/Desktop/MSP430_Project/resources/CCS/RadFX_v1" --include_path="/Applications/ti/ccs1040/ccs/tools/compiler/ti-cgt-msp430_20.2.5.LTS/include" --advice:power=all --advice:hw_config=all --define=__MSP430FR6989__ --define=_MPU_ENABLE -g --printf_support=minimal --diag_warning=225 --diag_wrap=off --display_error_number --silicon_errata=CPU21 --silicon_errata=CPU22 --silicon_errata=CPU40 --preproc_with_compile --preproc_dependency="memex_code_for_reference.d_raw"  "../memex_code_for_reference.c"
"../memex_code_for_reference.c", line 146: remark #1528-D: (ULP 3.1) Detected flag polling using UCA0IFG. Recommend using an interrupt combined with enter LPMx and ISR
"../memex_code_for_reference.c", line 169: remark #1530-D: (ULP 5.1) Detected modulo operation(s). Recommend moving them to RAM during run time or not using as these are processing/power intensive
"../memex_code_for_reference.c", line 170: remark #1530-D: (ULP 5.1) Detected divide operation(s). Recommend moving them to RAM during run time or not using as these are processing/power intensive
"../memex_code_for_reference.c", line 175: remark #2553-D: (ULP 14.1) Array index (involving "reverse") of type "long". Recommend using "unsigned long"
"../memex_code_for_reference.c", line 175: remark #1530-D: (ULP 5.1) Detected modulo operation(s). Recommend moving them to RAM during run time or not using as these are processing/power intensive
"../memex_code_for_reference.c", line 176: remark #1530-D: (ULP 5.1) Detected divide operation(s). Recommend moving them to RAM during run time or not using as these are processing/power intensive
"../memex_code_for_reference.c", line 207: warning #225-D: function "lut_init" declared implicitly
"../memex_code_for_reference.c", line 209: warning #179-D: variable "command" was declared but never referenced
Finished building: "../memex_code_for_reference.c"
 
gmake: Target 'all' not remade because of errors.

**** Build Finished ****

**** Build of configuration Debug for project RadFX_v1 ****

/Applications/ti/ccs1040/ccs/utils/bin/gmake -k -j 3 all -O 
 
Building file: "../main.c"
Invoking: MSP430 Compiler
"/Applications/ti/ccs1040/ccs/tools/compiler/ti-cgt-msp430_20.2.5.LTS/bin/cl430" -vmspx --data_model=restricted --use_hw_mpy=F5 --include_path="/Applications/ti/ccs1040/ccs/ccs_base/msp430/include" --include_path="/Users/stephen/Desktop/MSP430_Project/resources/CCS/RadFX_v1" --include_path="/Applications/ti/ccs1040/ccs/tools/compiler/ti-cgt-msp430_20.2.5.LTS/include" --advice:power=all --advice:hw_config=all --define=__MSP430FR6989__ --define=_MPU_ENABLE -g --printf_support=minimal --diag_warning=225 --diag_wrap=off --display_error_number --silicon_errata=CPU21 --silicon_errata=CPU22 --silicon_errata=CPU40 --preproc_with_compile --preproc_dependency="main.d_raw"  "../main.c"
"../main.c", line 22: remark #1527-D: (ULP 2.1) Detected SW delay loop using empty loop. Recommend using a timer module instead
"../main.c", line 65: remark #1528-D: (ULP 3.1) Detected flag polling using UCA0IFG. Recommend using an interrupt combined with enter LPMx and ISR
"../main.c", line 71: warning #225-D: function "strlen" declared implicitly
"../main.c", line 88: remark #1530-D: (ULP 5.1) Detected modulo operation(s). Recommend moving them to RAM during run time or not using as these are processing/power intensive
"../main.c", line 89: remark #1530-D: (ULP 5.1) Detected divide operation(s). Recommend moving them to RAM during run time or not using as these are processing/power intensive
"../main.c", line 94: remark #2553-D: (ULP 14.1) Array index (involving "reverse") of type "long". Recommend using "unsigned long"
"../main.c", line 94: remark #1530-D: (ULP 5.1) Detected modulo operation(s). Recommend moving them to RAM during run time or not using as these are processing/power intensive
"../main.c", line 95: remark #1530-D: (ULP 5.1) Detected divide operation(s). Recommend moving them to RAM during run time or not using as these are processing/power intensive
"../main.c", line 151: warning #225-D: function "adc" declared implicitly
"../main.c", line 183: remark #2553-D: (ULP 14.1) Array index (involving "i") of type "int". Recommend using "unsigned int"
"../main.c", line 195: remark #1538-D: (ULP 10.1) ISR ADC12_ISR calls function uart_tx. Recommend moving function call away from ISR, or inlining the function, or using pragmas
"../main.c", line 196: remark #1538-D: (ULP 10.1) ISR ADC12_ISR calls function uart_tx. Recommend moving function call away from ISR, or inlining the function, or using pragmas
"../main.c", line 197: remark #1544-D: (ULP 13.1) Detected loop counting up. Recommend loops count down as detecting zeros is easier
"../main.c", line 198: remark #1538-D: (ULP 10.1) ISR ADC12_ISR calls function uart_tx_number. Recommend moving function call away from ISR, or inlining the function, or using pragmas
"../main.c", line 198: remark #2553-D: (ULP 14.1) Array index (involving "i") of type "int". Recommend using "unsigned int"
"../main.c", line 199: remark #1538-D: (ULP 10.1) ISR ADC12_ISR calls function uart_tx. Recommend moving function call away from ISR, or inlining the function, or using pragmas
"../main.c", line 201: remark #1538-D: (ULP 10.1) ISR ADC12_ISR calls function uart_tx. Recommend moving function call away from ISR, or inlining the function, or using pragmas
"../main.c", line 202: remark #1538-D: (ULP 10.1) ISR ADC12_ISR calls function uart_tx. Recommend moving function call away from ISR, or inlining the function, or using pragmas
Finished building: "../main.c"
 
Building target: "RadFX_v1.out"
Invoking: MSP430 Linker
"/Applications/ti/ccs1040/ccs/tools/compiler/ti-cgt-msp430_20.2.5.LTS/bin/cl430" -vmspx --data_model=restricted --use_hw_mpy=F5 --advice:power=all --advice:hw_config=all --define=__MSP430FR6989__ --define=_MPU_ENABLE -g --printf_support=minimal --diag_warning=225 --diag_wrap=off --display_error_number --silicon_errata=CPU21 --silicon_errata=CPU22 --silicon_errata=CPU40 -z -m"RadFX_v1.map" --heap_size=160 --stack_size=160 --cinit_hold_wdt=on -i"/Applications/ti/ccs1040/ccs/ccs_base/msp430/include" -i"/Applications/ti/ccs1040/ccs/ccs_base/msp430/lib/5xx_6xx_FRxx" -i"/Applications/ti/ccs1040/ccs/ccs_base/msp430/lib/FR59xx" -i"/Applications/ti/ccs1040/ccs/tools/compiler/ti-cgt-msp430_20.2.5.LTS/lib" -i"/Applications/ti/ccs1040/ccs/tools/compiler/ti-cgt-msp430_20.2.5.LTS/include" --priority --reread_libs --define=_MPU_ENABLE --diag_wrap=off --display_error_number --warn_sections --xml_link_info="RadFX_v1_linkInfo.xml" --use_hw_mpy=F5 --rom_model -o "RadFX_v1.out" "./main.obj" "./memex_code_for_reference.obj" "../lnk_msp430fr6989.cmd"  -llibmpu_init.a -llibmath.a -llibc.a 
<Linking>
error #10056: symbol "__TI_int45" redefined: first defined in "./main.obj"; redefined in "./memex_code_for_reference.obj"
error #10056: symbol "uart_tx_number" redefined: first defined in "./main.obj"; redefined in "./memex_code_for_reference.obj"
error #10056: symbol "uart_tx" redefined: first defined in "./main.obj"; redefined in "./memex_code_for_reference.obj"
error #10056: symbol "ADC12_ISR" redefined: first defined in "./main.obj"; redefined in "./memex_code_for_reference.obj"
error #10056: symbol "uart_tx_string" redefined: first defined in "./main.obj"; redefined in "./memex_code_for_reference.obj"
error #10056: symbol "main" redefined: first defined in "./main.obj"; redefined in "./memex_code_for_reference.obj"
 
 undefined first referenced
  symbol       in file     
 --------- ----------------
 adc       ./main.obj      
 
error #10234-D: unresolved symbols remain
error #10010: errors encountered during linking; "RadFX_v1.out" not built
remark #10372-D: (ULP 4.1) Detected uninitialized Port A in this project. Recommend initializing all unused ports to eliminate wasted current consumption on unused pins.
remark #10372-D: (ULP 4.1) Detected uninitialized Port E in this project. Recommend initializing all unused ports to eliminate wasted current consumption on unused pins.
 
>> Compilation failure
makefile:142: recipe for target 'RadFX_v1.out' failed
gmake[1]: *** [RadFX_v1.out] Error 1
gmake: *** [all] Error 2
makefile:138: recipe for target 'all' failed

**** Build Finished ****

**** Build of configuration Debug for project RadFX_v1 ****

/Applications/ti/ccs1040/ccs/utils/bin/gmake -k -j 3 all -O 
 
Building file: "../main.c"
Invoking: MSP430 Compiler
"/Applications/ti/ccs1040/ccs/tools/compiler/ti-cgt-msp430_20.2.5.LTS/bin/cl430" -vmspx --data_model=restricted --use_hw_mpy=F5 --include_path="/Applications/ti/ccs1040/ccs/ccs_base/msp430/include" --include_path="/Users/stephen/Desktop/MSP430_Project/resources/CCS/RadFX_v1" --include_path="/Applications/ti/ccs1040/ccs/tools/compiler/ti-cgt-msp430_20.2.5.LTS/include" --advice:power=all --advice:hw_config=all --define=__MSP430FR6989__ --define=_MPU_ENABLE -g --printf_support=minimal --diag_warning=225 --diag_wrap=off --display_error_number --silicon_errata=CPU21 --silicon_errata=CPU22 --silicon_errata=CPU40 --preproc_with_compile --preproc_dependency="main.d_raw"  "../main.c"
"../main.c", line 22: remark #1527-D: (ULP 2.1) Detected SW delay loop using empty loop. Recommend using a timer module instead
"../main.c", line 106: remark #1528-D: (ULP 3.1) Detected flag polling using UCA0IFG. Recommend using an interrupt combined with enter LPMx and ISR
"../main.c", line 112: warning #225-D: function "strlen" declared implicitly
"../main.c", line 129: remark #1530-D: (ULP 5.1) Detected modulo operation(s). Recommend moving them to RAM during run time or not using as these are processing/power intensive
"../main.c", line 130: remark #1530-D: (ULP 5.1) Detected divide operation(s). Recommend moving them to RAM during run time or not using as these are processing/power intensive
"../main.c", line 135: remark #2553-D: (ULP 14.1) Array index (involving "reverse") of type "long". Recommend using "unsigned long"
"../main.c", line 135: remark #1530-D: (ULP 5.1) Detected modulo operation(s). Recommend moving them to RAM during run time or not using as these are processing/power intensive
"../main.c", line 136: remark #1530-D: (ULP 5.1) Detected divide operation(s). Recommend moving them to RAM during run time or not using as these are processing/power intensive
"../main.c", line 153: warning #225-D: function "adc" declared implicitly
"../main.c", line 185: remark #2553-D: (ULP 14.1) Array index (involving "i") of type "int". Recommend using "unsigned int"
"../main.c", line 197: remark #1538-D: (ULP 10.1) ISR ADC12_ISR calls function uart_tx. Recommend moving function call away from ISR, or inlining the function, or using pragmas
"../main.c", line 198: remark #1538-D: (ULP 10.1) ISR ADC12_ISR calls function uart_tx. Recommend moving function call away from ISR, or inlining the function, or using pragmas
"../main.c", line 199: remark #1544-D: (ULP 13.1) Detected loop counting up. Recommend loops count down as detecting zeros is easier
"../main.c", line 200: remark #1538-D: (ULP 10.1) ISR ADC12_ISR calls function uart_tx_number. Recommend moving function call away from ISR, or inlining the function, or using pragmas
"../main.c", line 200: remark #2553-D: (ULP 14.1) Array index (involving "i") of type "int". Recommend using "unsigned int"
"../main.c", line 201: remark #1538-D: (ULP 10.1) ISR ADC12_ISR calls function uart_tx. Recommend moving function call away from ISR, or inlining the function, or using pragmas
"../main.c", line 203: remark #1538-D: (ULP 10.1) ISR ADC12_ISR calls function uart_tx. Recommend moving function call away from ISR, or inlining the function, or using pragmas
"../main.c", line 204: remark #1538-D: (ULP 10.1) ISR ADC12_ISR calls function uart_tx. Recommend moving function call away from ISR, or inlining the function, or using pragmas
Finished building: "../main.c"
 
Building target: "RadFX_v1.out"
Invoking: MSP430 Linker
"/Applications/ti/ccs1040/ccs/tools/compiler/ti-cgt-msp430_20.2.5.LTS/bin/cl430" -vmspx --data_model=restricted --use_hw_mpy=F5 --advice:power=all --advice:hw_config=all --define=__MSP430FR6989__ --define=_MPU_ENABLE -g --printf_support=minimal --diag_warning=225 --diag_wrap=off --display_error_number --silicon_errata=CPU21 --silicon_errata=CPU22 --silicon_errata=CPU40 -z -m"RadFX_v1.map" --heap_size=160 --stack_size=160 --cinit_hold_wdt=on -i"/Applications/ti/ccs1040/ccs/ccs_base/msp430/include" -i"/Applications/ti/ccs1040/ccs/ccs_base/msp430/lib/5xx_6xx_FRxx" -i"/Applications/ti/ccs1040/ccs/ccs_base/msp430/lib/FR59xx" -i"/Applications/ti/ccs1040/ccs/tools/compiler/ti-cgt-msp430_20.2.5.LTS/lib" -i"/Applications/ti/ccs1040/ccs/tools/compiler/ti-cgt-msp430_20.2.5.LTS/include" --priority --reread_libs --define=_MPU_ENABLE --diag_wrap=off --display_error_number --warn_sections --xml_link_info="RadFX_v1_linkInfo.xml" --use_hw_mpy=F5 --rom_model -o "RadFX_v1.out" "./main.obj" "./memex_code_for_reference.obj" "../lnk_msp430fr6989.cmd"  -llibmpu_init.a -llibmath.a -llibc.a 
<Linking>
error #10056: symbol "__TI_int45" redefined: first defined in "./main.obj"; redefined in "./memex_code_for_reference.obj"
error #10056: symbol "uart_tx_number" redefined: first defined in "./main.obj"; redefined in "./memex_code_for_reference.obj"
error #10056: symbol "uart_tx" redefined: first defined in "./main.obj"; redefined in "./memex_code_for_reference.obj"
error #10056: symbol "ADC12_ISR" redefined: first defined in "./main.obj"; redefined in "./memex_code_for_reference.obj"
error #10056: symbol "uart_tx_string" redefined: first defined in "./main.obj"; redefined in "./memex_code_for_reference.obj"
error #10056: symbol "main" redefined: first defined in "./main.obj"; redefined in "./memex_code_for_reference.obj"
 
 undefined first referenced
  symbol       in file     
 --------- ----------------
 adc       ./main.obj      
 
error #10234-D: unresolved symbols remain
error #10010: errors encountered during linking; "RadFX_v1.out" not built
remark #10372-D: (ULP 4.1) Detected uninitialized Port A in this project. Recommend initializing all unused ports to eliminate wasted current consumption on unused pins.
remark #10372-D: (ULP 4.1) Detected uninitialized Port E in this project. Recommend initializing all unused ports to eliminate wasted current consumption on unused pins.
 
>> Compilation failure
makefile:142: recipe for target 'RadFX_v1.out' failed
gmake[1]: *** [RadFX_v1.out] Error 1
gmake: *** [all] Error 2
makefile:138: recipe for target 'all' failed

**** Build Finished ****

**** Build of configuration Debug for project RadFX_v1 ****

/Applications/ti/ccs1040/ccs/utils/bin/gmake -k -j 3 all -O 
 
Building file: "../main.c"
Invoking: MSP430 Compiler
"/Applications/ti/ccs1040/ccs/tools/compiler/ti-cgt-msp430_20.2.5.LTS/bin/cl430" -vmspx --data_model=restricted --use_hw_mpy=F5 --include_path="/Applications/ti/ccs1040/ccs/ccs_base/msp430/include" --include_path="/Users/stephen/Desktop/MSP430_Project/resources/CCS/RadFX_v1" --include_path="/Applications/ti/ccs1040/ccs/tools/compiler/ti-cgt-msp430_20.2.5.LTS/include" --advice:power=all --advice:hw_config=all --define=__MSP430FR6989__ --define=_MPU_ENABLE -g --printf_support=minimal --diag_warning=225 --diag_wrap=off --display_error_number --silicon_errata=CPU21 --silicon_errata=CPU22 --silicon_errata=CPU40 --preproc_with_compile --preproc_dependency="main.d_raw"  "../main.c"
"../main.c", line 25: remark #1527-D: (ULP 2.1) Detected SW delay loop using empty loop. Recommend using a timer module instead
"../main.c", line 109: remark #1528-D: (ULP 3.1) Detected flag polling using UCA0IFG. Recommend using an interrupt combined with enter LPMx and ISR
"../main.c", line 115: warning #225-D: function "strlen" declared implicitly
"../main.c", line 132: remark #1530-D: (ULP 5.1) Detected modulo operation(s). Recommend moving them to RAM during run time or not using as these are processing/power intensive
"../main.c", line 133: remark #1530-D: (ULP 5.1) Detected divide operation(s). Recommend moving them to RAM during run time or not using as these are processing/power intensive
"../main.c", line 138: remark #2553-D: (ULP 14.1) Array index (involving "reverse") of type "long". Recommend using "unsigned long"
"../main.c", line 138: remark #1530-D: (ULP 5.1) Detected modulo operation(s). Recommend moving them to RAM during run time or not using as these are processing/power intensive
"../main.c", line 139: remark #1530-D: (ULP 5.1) Detected divide operation(s). Recommend moving them to RAM during run time or not using as these are processing/power intensive
"../main.c", line 188: remark #2553-D: (ULP 14.1) Array index (involving "i") of type "int". Recommend using "unsigned int"
"../main.c", line 200: remark #1538-D: (ULP 10.1) ISR ADC12_ISR calls function uart_tx. Recommend moving function call away from ISR, or inlining the function, or using pragmas
"../main.c", line 201: remark #1538-D: (ULP 10.1) ISR ADC12_ISR calls function uart_tx. Recommend moving function call away from ISR, or inlining the function, or using pragmas
"../main.c", line 202: remark #1544-D: (ULP 13.1) Detected loop counting up. Recommend loops count down as detecting zeros is easier
"../main.c", line 203: remark #1538-D: (ULP 10.1) ISR ADC12_ISR calls function uart_tx_number. Recommend moving function call away from ISR, or inlining the function, or using pragmas
"../main.c", line 203: remark #2553-D: (ULP 14.1) Array index (involving "i") of type "int". Recommend using "unsigned int"
"../main.c", line 204: remark #1538-D: (ULP 10.1) ISR ADC12_ISR calls function uart_tx. Recommend moving function call away from ISR, or inlining the function, or using pragmas
"../main.c", line 206: remark #1538-D: (ULP 10.1) ISR ADC12_ISR calls function uart_tx. Recommend moving function call away from ISR, or inlining the function, or using pragmas
"../main.c", line 207: remark #1538-D: (ULP 10.1) ISR ADC12_ISR calls function uart_tx. Recommend moving function call away from ISR, or inlining the function, or using pragmas
Finished building: "../main.c"
 
Building target: "RadFX_v1.out"
Invoking: MSP430 Linker
"/Applications/ti/ccs1040/ccs/tools/compiler/ti-cgt-msp430_20.2.5.LTS/bin/cl430" -vmspx --data_model=restricted --use_hw_mpy=F5 --advice:power=all --advice:hw_config=all --define=__MSP430FR6989__ --define=_MPU_ENABLE -g --printf_support=minimal --diag_warning=225 --diag_wrap=off --display_error_number --silicon_errata=CPU21 --silicon_errata=CPU22 --silicon_errata=CPU40 -z -m"RadFX_v1.map" --heap_size=160 --stack_size=160 --cinit_hold_wdt=on -i"/Applications/ti/ccs1040/ccs/ccs_base/msp430/include" -i"/Applications/ti/ccs1040/ccs/ccs_base/msp430/lib/5xx_6xx_FRxx" -i"/Applications/ti/ccs1040/ccs/ccs_base/msp430/lib/FR59xx" -i"/Applications/ti/ccs1040/ccs/tools/compiler/ti-cgt-msp430_20.2.5.LTS/lib" -i"/Applications/ti/ccs1040/ccs/tools/compiler/ti-cgt-msp430_20.2.5.LTS/include" --priority --reread_libs --define=_MPU_ENABLE --diag_wrap=off --display_error_number --warn_sections --xml_link_info="RadFX_v1_linkInfo.xml" --use_hw_mpy=F5 --rom_model -o "RadFX_v1.out" "./main.obj" "./memex_code_for_reference.obj" "../lnk_msp430fr6989.cmd"  -llibmpu_init.a -llibmath.a -llibc.a 
<Linking>
error #10056: symbol "__TI_int45" redefined: first defined in "./main.obj"; redefined in "./memex_code_for_reference.obj"
error #10056: symbol "uart_tx_number" redefined: first defined in "./main.obj"; redefined in "./memex_code_for_reference.obj"
error #10056: symbol "uart_tx" redefined: first defined in "./main.obj"; redefined in "./memex_code_for_reference.obj"
error #10056: symbol "ADC12_ISR" redefined: first defined in "./main.obj"; redefined in "./memex_code_for_reference.obj"
error #10056: symbol "uart_tx_string" redefined: first defined in "./main.obj"; redefined in "./memex_code_for_reference.obj"
error #10056: symbol "main" redefined: first defined in "./main.obj"; redefined in "./memex_code_for_reference.obj"
error #10010: errors encountered during linking; "RadFX_v1.out" not built
remark #10372-D: (ULP 4.1) Detected uninitialized Port A in this project. Recommend initializing all unused ports to eliminate wasted current consumption on unused pins.
remark #10372-D: (ULP 4.1) Detected uninitialized Port E in this project. Recommend initializing all unused ports to eliminate wasted current consumption on unused pins.
 
>> Compilation failure
makefile:142: recipe for target 'RadFX_v1.out' failed
gmake[1]: *** [RadFX_v1.out] Error 1
makefile:138: recipe for target 'all' failed
gmake: *** [all] Error 2

**** Build Finished ****

**** Build of configuration Debug for project RadFX_v1 ****

/Applications/ti/ccs1040/ccs/utils/bin/gmake -k -j 3 all -O 
 
Building file: "../main.c"
Invoking: MSP430 Compiler
"/Applications/ti/ccs1040/ccs/tools/compiler/ti-cgt-msp430_20.2.5.LTS/bin/cl430" -vmspx --data_model=restricted --use_hw_mpy=F5 --include_path="/Applications/ti/ccs1040/ccs/ccs_base/msp430/include" --include_path="/Users/stephen/Desktop/MSP430_Project/resources/CCS/RadFX_v1" --include_path="/Applications/ti/ccs1040/ccs/tools/compiler/ti-cgt-msp430_20.2.5.LTS/include" --advice:power=all --advice:hw_config=all --define=__MSP430FR6989__ --define=_MPU_ENABLE -g --printf_support=minimal --diag_warning=225 --diag_wrap=off --display_error_number --silicon_errata=CPU21 --silicon_errata=CPU22 --silicon_errata=CPU40 --preproc_with_compile --preproc_dependency="main.d_raw"  "../main.c"
"../main.c", line 26: remark #1527-D: (ULP 2.1) Detected SW delay loop using empty loop. Recommend using a timer module instead
"../main.c", line 110: remark #1528-D: (ULP 3.1) Detected flag polling using UCA0IFG. Recommend using an interrupt combined with enter LPMx and ISR
"../main.c", line 133: remark #1530-D: (ULP 5.1) Detected modulo operation(s). Recommend moving them to RAM during run time or not using as these are processing/power intensive
"../main.c", line 134: remark #1530-D: (ULP 5.1) Detected divide operation(s). Recommend moving them to RAM during run time or not using as these are processing/power intensive
"../main.c", line 139: remark #2553-D: (ULP 14.1) Array index (involving "reverse") of type "long". Recommend using "unsigned long"
"../main.c", line 139: remark #1530-D: (ULP 5.1) Detected modulo operation(s). Recommend moving them to RAM during run time or not using as these are processing/power intensive
"../main.c", line 140: remark #1530-D: (ULP 5.1) Detected divide operation(s). Recommend moving them to RAM during run time or not using as these are processing/power intensive
"../main.c", line 189: remark #2553-D: (ULP 14.1) Array index (involving "i") of type "int". Recommend using "unsigned int"
"../main.c", line 201: remark #1538-D: (ULP 10.1) ISR ADC12_ISR calls function uart_tx. Recommend moving function call away from ISR, or inlining the function, or using pragmas
"../main.c", line 202: remark #1538-D: (ULP 10.1) ISR ADC12_ISR calls function uart_tx. Recommend moving function call away from ISR, or inlining the function, or using pragmas
"../main.c", line 203: remark #1544-D: (ULP 13.1) Detected loop counting up. Recommend loops count down as detecting zeros is easier
"../main.c", line 204: remark #1538-D: (ULP 10.1) ISR ADC12_ISR calls function uart_tx_number. Recommend moving function call away from ISR, or inlining the function, or using pragmas
"../main.c", line 204: remark #2553-D: (ULP 14.1) Array index (involving "i") of type "int". Recommend using "unsigned int"
"../main.c", line 205: remark #1538-D: (ULP 10.1) ISR ADC12_ISR calls function uart_tx. Recommend moving function call away from ISR, or inlining the function, or using pragmas
"../main.c", line 207: remark #1538-D: (ULP 10.1) ISR ADC12_ISR calls function uart_tx. Recommend moving function call away from ISR, or inlining the function, or using pragmas
"../main.c", line 208: remark #1538-D: (ULP 10.1) ISR ADC12_ISR calls function uart_tx. Recommend moving function call away from ISR, or inlining the function, or using pragmas
Finished building: "../main.c"
 
Building target: "RadFX_v1.out"
Invoking: MSP430 Linker
"/Applications/ti/ccs1040/ccs/tools/compiler/ti-cgt-msp430_20.2.5.LTS/bin/cl430" -vmspx --data_model=restricted --use_hw_mpy=F5 --advice:power=all --advice:hw_config=all --define=__MSP430FR6989__ --define=_MPU_ENABLE -g --printf_support=minimal --diag_warning=225 --diag_wrap=off --display_error_number --silicon_errata=CPU21 --silicon_errata=CPU22 --silicon_errata=CPU40 -z -m"RadFX_v1.map" --heap_size=160 --stack_size=160 --cinit_hold_wdt=on -i"/Applications/ti/ccs1040/ccs/ccs_base/msp430/include" -i"/Applications/ti/ccs1040/ccs/ccs_base/msp430/lib/5xx_6xx_FRxx" -i"/Applications/ti/ccs1040/ccs/ccs_base/msp430/lib/FR59xx" -i"/Applications/ti/ccs1040/ccs/tools/compiler/ti-cgt-msp430_20.2.5.LTS/lib" -i"/Applications/ti/ccs1040/ccs/tools/compiler/ti-cgt-msp430_20.2.5.LTS/include" --priority --reread_libs --define=_MPU_ENABLE --diag_wrap=off --display_error_number --warn_sections --xml_link_info="RadFX_v1_linkInfo.xml" --use_hw_mpy=F5 --rom_model -o "RadFX_v1.out" "./main.obj" "./memex_code_for_reference.obj" "../lnk_msp430fr6989.cmd"  -llibmpu_init.a -llibmath.a -llibc.a 
<Linking>
error #10056: symbol "__TI_int45" redefined: first defined in "./main.obj"; redefined in "./memex_code_for_reference.obj"
error #10056: symbol "uart_tx_number" redefined: first defined in "./main.obj"; redefined in "./memex_code_for_reference.obj"
error #10056: symbol "uart_tx" redefined: first defined in "./main.obj"; redefined in "./memex_code_for_reference.obj"
error #10056: symbol "ADC12_ISR" redefined: first defined in "./main.obj"; redefined in "./memex_code_for_reference.obj"
error #10056: symbol "uart_tx_string" redefined: first defined in "./main.obj"; redefined in "./memex_code_for_reference.obj"
error #10056: symbol "main" redefined: first defined in "./main.obj"; redefined in "./memex_code_for_reference.obj"
error #10010: errors encountered during linking; "RadFX_v1.out" not built
remark #10372-D: (ULP 4.1) Detected uninitialized Port A in this project. Recommend initializing all unused ports to eliminate wasted current consumption on unused pins.
remark #10372-D: (ULP 4.1) Detected uninitialized Port E in this project. Recommend initializing all unused ports to eliminate wasted current consumption on unused pins.
 
>> Compilation failure
makefile:142: recipe for target 'RadFX_v1.out' failed
gmake[1]: *** [RadFX_v1.out] Error 1
gmake: *** [all] Error 2
makefile:138: recipe for target 'all' failed

**** Build Finished ****

**** Build of configuration Debug for project RadFX_v1 ****

/Applications/ti/ccs1040/ccs/utils/bin/gmake -k -j 3 all -O 
 
Building target: "RadFX_v1.out"
Invoking: MSP430 Linker
"/Applications/ti/ccs1040/ccs/tools/compiler/ti-cgt-msp430_20.2.5.LTS/bin/cl430" -vmspx --data_model=restricted --use_hw_mpy=F5 --advice:power=all --advice:hw_config=all --define=__MSP430FR6989__ --define=_MPU_ENABLE -g --printf_support=minimal --diag_warning=225 --diag_wrap=off --display_error_number --silicon_errata=CPU21 --silicon_errata=CPU22 --silicon_errata=CPU40 -z -m"RadFX_v1.map" --heap_size=160 --stack_size=160 --cinit_hold_wdt=on -i"/Applications/ti/ccs1040/ccs/ccs_base/msp430/include" -i"/Applications/ti/ccs1040/ccs/ccs_base/msp430/lib/5xx_6xx_FRxx" -i"/Applications/ti/ccs1040/ccs/ccs_base/msp430/lib/FR59xx" -i"/Applications/ti/ccs1040/ccs/tools/compiler/ti-cgt-msp430_20.2.5.LTS/lib" -i"/Applications/ti/ccs1040/ccs/tools/compiler/ti-cgt-msp430_20.2.5.LTS/include" --priority --reread_libs --define=_MPU_ENABLE --diag_wrap=off --display_error_number --warn_sections --xml_link_info="RadFX_v1_linkInfo.xml" --use_hw_mpy=F5 --rom_model -o "RadFX_v1.out" "./main.obj" "../lnk_msp430fr6989.cmd"  -llibmpu_init.a -llibmath.a -llibc.a 
<Linking>
remark #10372-D: (ULP 4.1) Detected uninitialized Port A in this project. Recommend initializing all unused ports to eliminate wasted current consumption on unused pins.
remark #10372-D: (ULP 4.1) Detected uninitialized Port B in this project. Recommend initializing all unused ports to eliminate wasted current consumption on unused pins.
remark #10372-D: (ULP 4.1) Detected uninitialized Port C in this project. Recommend initializing all unused ports to eliminate wasted current consumption on unused pins.
remark #10372-D: (ULP 4.1) Detected uninitialized Port D in this project. Recommend initializing all unused ports to eliminate wasted current consumption on unused pins.
remark #10372-D: (ULP 4.1) Detected uninitialized Port E in this project. Recommend initializing all unused ports to eliminate wasted current consumption on unused pins.
Finished building target: "RadFX_v1.out"
 

**** Build Finished ****

**** Build of configuration Debug for project RadFX_v1 ****

/Applications/ti/ccs1040/ccs/utils/bin/gmake -k -j 3 all -O 
 
Building file: "../main.c"
Invoking: MSP430 Compiler
"/Applications/ti/ccs1040/ccs/tools/compiler/ti-cgt-msp430_20.2.5.LTS/bin/cl430" -vmspx --data_model=restricted --use_hw_mpy=F5 --include_path="/Applications/ti/ccs1040/ccs/ccs_base/msp430/include" --include_path="/Users/stephen/Desktop/MSP430_Project/resources/CCS/RadFX_v1" --include_path="/Applications/ti/ccs1040/ccs/tools/compiler/ti-cgt-msp430_20.2.5.LTS/include" --advice:power=all --advice:hw_config=all --define=__MSP430FR6989__ --define=_MPU_ENABLE -g --printf_support=minimal --diag_warning=225 --diag_wrap=off --display_error_number --silicon_errata=CPU21 --silicon_errata=CPU22 --silicon_errata=CPU40 --preproc_with_compile --preproc_dependency="main.d_raw"  "../main.c"
"../main.c", line 27: remark #1527-D: (ULP 2.1) Detected SW delay loop using empty loop. Recommend using a timer module instead
"../main.c", line 111: remark #1528-D: (ULP 3.1) Detected flag polling using UCA0IFG. Recommend using an interrupt combined with enter LPMx and ISR
"../main.c", line 134: remark #1530-D: (ULP 5.1) Detected modulo operation(s). Recommend moving them to RAM during run time or not using as these are processing/power intensive
"../main.c", line 135: remark #1530-D: (ULP 5.1) Detected divide operation(s). Recommend moving them to RAM during run time or not using as these are processing/power intensive
"../main.c", line 140: remark #2553-D: (ULP 14.1) Array index (involving "reverse") of type "long". Recommend using "unsigned long"
"../main.c", line 140: remark #1530-D: (ULP 5.1) Detected modulo operation(s). Recommend moving them to RAM during run time or not using as these are processing/power intensive
"../main.c", line 141: remark #1530-D: (ULP 5.1) Detected divide operation(s). Recommend moving them to RAM during run time or not using as these are processing/power intensive
"../main.c", line 165: warning #112-D: statement is unreachable
"../main.c", line 196: remark #2553-D: (ULP 14.1) Array index (involving "i") of type "int". Recommend using "unsigned int"
"../main.c", line 208: remark #1538-D: (ULP 10.1) ISR ADC12_ISR calls function uart_tx. Recommend moving function call away from ISR, or inlining the function, or using pragmas
"../main.c", line 209: remark #1538-D: (ULP 10.1) ISR ADC12_ISR calls function uart_tx. Recommend moving function call away from ISR, or inlining the function, or using pragmas
"../main.c", line 210: remark #1544-D: (ULP 13.1) Detected loop counting up. Recommend loops count down as detecting zeros is easier
"../main.c", line 211: remark #1538-D: (ULP 10.1) ISR ADC12_ISR calls function uart_tx_number. Recommend moving function call away from ISR, or inlining the function, or using pragmas
"../main.c", line 211: remark #2553-D: (ULP 14.1) Array index (involving "i") of type "int". Recommend using "unsigned int"
"../main.c", line 212: remark #1538-D: (ULP 10.1) ISR ADC12_ISR calls function uart_tx. Recommend moving function call away from ISR, or inlining the function, or using pragmas
"../main.c", line 214: remark #1538-D: (ULP 10.1) ISR ADC12_ISR calls function uart_tx. Recommend moving function call away from ISR, or inlining the function, or using pragmas
"../main.c", line 215: remark #1538-D: (ULP 10.1) ISR ADC12_ISR calls function uart_tx. Recommend moving function call away from ISR, or inlining the function, or using pragmas
Finished building: "../main.c"
 
Building target: "RadFX_v1.out"
Invoking: MSP430 Linker
"/Applications/ti/ccs1040/ccs/tools/compiler/ti-cgt-msp430_20.2.5.LTS/bin/cl430" -vmspx --data_model=restricted --use_hw_mpy=F5 --advice:power=all --advice:hw_config=all --define=__MSP430FR6989__ --define=_MPU_ENABLE -g --printf_support=minimal --diag_warning=225 --diag_wrap=off --display_error_number --silicon_errata=CPU21 --silicon_errata=CPU22 --silicon_errata=CPU40 -z -m"RadFX_v1.map" --heap_size=160 --stack_size=160 --cinit_hold_wdt=on -i"/Applications/ti/ccs1040/ccs/ccs_base/msp430/include" -i"/Applications/ti/ccs1040/ccs/ccs_base/msp430/lib/5xx_6xx_FRxx" -i"/Applications/ti/ccs1040/ccs/ccs_base/msp430/lib/FR59xx" -i"/Applications/ti/ccs1040/ccs/tools/compiler/ti-cgt-msp430_20.2.5.LTS/lib" -i"/Applications/ti/ccs1040/ccs/tools/compiler/ti-cgt-msp430_20.2.5.LTS/include" --priority --reread_libs --define=_MPU_ENABLE --diag_wrap=off --display_error_number --warn_sections --xml_link_info="RadFX_v1_linkInfo.xml" --use_hw_mpy=F5 --rom_model -o "RadFX_v1.out" "./main.obj" "../lnk_msp430fr6989.cmd"  -llibmpu_init.a -llibmath.a -llibc.a 
<Linking>
remark #10372-D: (ULP 4.1) Detected uninitialized Port A in this project. Recommend initializing all unused ports to eliminate wasted current consumption on unused pins.
remark #10372-D: (ULP 4.1) Detected uninitialized Port B in this project. Recommend initializing all unused ports to eliminate wasted current consumption on unused pins.
remark #10372-D: (ULP 4.1) Detected uninitialized Port C in this project. Recommend initializing all unused ports to eliminate wasted current consumption on unused pins.
remark #10372-D: (ULP 4.1) Detected uninitialized Port D in this project. Recommend initializing all unused ports to eliminate wasted current consumption on unused pins.
remark #10372-D: (ULP 4.1) Detected uninitialized Port E in this project. Recommend initializing all unused ports to eliminate wasted current consumption on unused pins.
Finished building target: "RadFX_v1.out"
 

**** Build Finished ****

**** Build of configuration Debug for project RadFX_v1 ****

/Applications/ti/ccs1040/ccs/utils/bin/gmake -k -j 3 all -O 
 
Building file: "../main.c"
Invoking: MSP430 Compiler
"/Applications/ti/ccs1040/ccs/tools/compiler/ti-cgt-msp430_20.2.5.LTS/bin/cl430" -vmspx --data_model=restricted --use_hw_mpy=F5 --include_path="/Applications/ti/ccs1040/ccs/ccs_base/msp430/include" --include_path="/Users/stephen/Desktop/MSP430_Project/resources/CCS/RadFX_v1" --include_path="/Applications/ti/ccs1040/ccs/tools/compiler/ti-cgt-msp430_20.2.5.LTS/include" --advice:power=all --advice:hw_config=all --define=__MSP430FR6989__ --define=_MPU_ENABLE -g --printf_support=minimal --diag_warning=225 --diag_wrap=off --display_error_number --silicon_errata=CPU21 --silicon_errata=CPU22 --silicon_errata=CPU40 --preproc_with_compile --preproc_dependency="main.d_raw"  "../main.c"
"../main.c", line 27: remark #1527-D: (ULP 2.1) Detected SW delay loop using empty loop. Recommend using a timer module instead
"../main.c", line 111: remark #1528-D: (ULP 3.1) Detected flag polling using UCA0IFG. Recommend using an interrupt combined with enter LPMx and ISR
"../main.c", line 134: remark #1530-D: (ULP 5.1) Detected modulo operation(s). Recommend moving them to RAM during run time or not using as these are processing/power intensive
"../main.c", line 135: remark #1530-D: (ULP 5.1) Detected divide operation(s). Recommend moving them to RAM during run time or not using as these are processing/power intensive
"../main.c", line 140: remark #2553-D: (ULP 14.1) Array index (involving "reverse") of type "long". Recommend using "unsigned long"
"../main.c", line 140: remark #1530-D: (ULP 5.1) Detected modulo operation(s). Recommend moving them to RAM during run time or not using as these are processing/power intensive
"../main.c", line 141: remark #1530-D: (ULP 5.1) Detected divide operation(s). Recommend moving them to RAM during run time or not using as these are processing/power intensive
"../main.c", line 165: warning #112-D: statement is unreachable
"../main.c", line 12: remark #1535-D: (ULP 8.1) variable "i" is used as a constant. Recommend declaring variable as either 'static const' or 'const'
Finished building: "../main.c"
 
Building target: "RadFX_v1.out"
Invoking: MSP430 Linker
"/Applications/ti/ccs1040/ccs/tools/compiler/ti-cgt-msp430_20.2.5.LTS/bin/cl430" -vmspx --data_model=restricted --use_hw_mpy=F5 --advice:power=all --advice:hw_config=all --define=__MSP430FR6989__ --define=_MPU_ENABLE -g --printf_support=minimal --diag_warning=225 --diag_wrap=off --display_error_number --silicon_errata=CPU21 --silicon_errata=CPU22 --silicon_errata=CPU40 -z -m"RadFX_v1.map" --heap_size=160 --stack_size=160 --cinit_hold_wdt=on -i"/Applications/ti/ccs1040/ccs/ccs_base/msp430/include" -i"/Applications/ti/ccs1040/ccs/ccs_base/msp430/lib/5xx_6xx_FRxx" -i"/Applications/ti/ccs1040/ccs/ccs_base/msp430/lib/FR59xx" -i"/Applications/ti/ccs1040/ccs/tools/compiler/ti-cgt-msp430_20.2.5.LTS/lib" -i"/Applications/ti/ccs1040/ccs/tools/compiler/ti-cgt-msp430_20.2.5.LTS/include" --priority --reread_libs --define=_MPU_ENABLE --diag_wrap=off --display_error_number --warn_sections --xml_link_info="RadFX_v1_linkInfo.xml" --use_hw_mpy=F5 --rom_model -o "RadFX_v1.out" "./main.obj" "../lnk_msp430fr6989.cmd"  -llibmpu_init.a -llibmath.a -llibc.a 
<Linking>
remark #10372-D: (ULP 4.1) Detected uninitialized Port A in this project. Recommend initializing all unused ports to eliminate wasted current consumption on unused pins.
remark #10372-D: (ULP 4.1) Detected uninitialized Port B in this project. Recommend initializing all unused ports to eliminate wasted current consumption on unused pins.
remark #10372-D: (ULP 4.1) Detected uninitialized Port C in this project. Recommend initializing all unused ports to eliminate wasted current consumption on unused pins.
remark #10372-D: (ULP 4.1) Detected uninitialized Port D in this project. Recommend initializing all unused ports to eliminate wasted current consumption on unused pins.
remark #10372-D: (ULP 4.1) Detected uninitialized Port E in this project. Recommend initializing all unused ports to eliminate wasted current consumption on unused pins.
Finished building target: "RadFX_v1.out"
 

**** Build Finished ****

**** Build of configuration Debug for project RadFX_v1 ****

/Applications/ti/ccs1040/ccs/utils/bin/gmake -k -j 3 all -O 
 
gmake[1]: 'RadFX_v1.out' is up to date.

**** Build Finished ****

**** Build of configuration Debug for project RadFX_v1 ****

/Applications/ti/ccs1040/ccs/utils/bin/gmake -k -j 3 all -O 
 
Building file: "../main.c"
Invoking: MSP430 Compiler
"/Applications/ti/ccs1040/ccs/tools/compiler/ti-cgt-msp430_20.2.5.LTS/bin/cl430" -vmspx --data_model=restricted --use_hw_mpy=F5 --include_path="/Applications/ti/ccs1040/ccs/ccs_base/msp430/include" --include_path="/Users/stephen/Desktop/MSP430_Project/resources/CCS/RadFX_v1" --include_path="/Applications/ti/ccs1040/ccs/tools/compiler/ti-cgt-msp430_20.2.5.LTS/include" --advice:power=all --advice:hw_config=all --define=__MSP430FR6989__ --define=_MPU_ENABLE -g --printf_support=minimal --diag_warning=225 --diag_wrap=off --display_error_number --silicon_errata=CPU21 --silicon_errata=CPU22 --silicon_errata=CPU40 --preproc_with_compile --preproc_dependency="main.d_raw"  "../main.c"
"../main.c", line 27: remark #1527-D: (ULP 2.1) Detected SW delay loop using empty loop. Recommend using a timer module instead
"../main.c", line 111: remark #1528-D: (ULP 3.1) Detected flag polling using UCA0IFG. Recommend using an interrupt combined with enter LPMx and ISR
"../main.c", line 134: remark #1530-D: (ULP 5.1) Detected modulo operation(s). Recommend moving them to RAM during run time or not using as these are processing/power intensive
"../main.c", line 135: remark #1530-D: (ULP 5.1) Detected divide operation(s). Recommend moving them to RAM during run time or not using as these are processing/power intensive
"../main.c", line 140: remark #2553-D: (ULP 14.1) Array index (involving "reverse") of type "long". Recommend using "unsigned long"
"../main.c", line 140: remark #1530-D: (ULP 5.1) Detected modulo operation(s). Recommend moving them to RAM during run time or not using as these are processing/power intensive
"../main.c", line 141: remark #1530-D: (ULP 5.1) Detected divide operation(s). Recommend moving them to RAM during run time or not using as these are processing/power intensive
"../main.c", line 173: warning #112-D: statement is unreachable
"../main.c", line 12: remark #1535-D: (ULP 8.1) variable "i" is used as a constant. Recommend declaring variable as either 'static const' or 'const'
Finished building: "../main.c"
 
Building target: "RadFX_v1.out"
Invoking: MSP430 Linker
"/Applications/ti/ccs1040/ccs/tools/compiler/ti-cgt-msp430_20.2.5.LTS/bin/cl430" -vmspx --data_model=restricted --use_hw_mpy=F5 --advice:power=all --advice:hw_config=all --define=__MSP430FR6989__ --define=_MPU_ENABLE -g --printf_support=minimal --diag_warning=225 --diag_wrap=off --display_error_number --silicon_errata=CPU21 --silicon_errata=CPU22 --silicon_errata=CPU40 -z -m"RadFX_v1.map" --heap_size=160 --stack_size=160 --cinit_hold_wdt=on -i"/Applications/ti/ccs1040/ccs/ccs_base/msp430/include" -i"/Applications/ti/ccs1040/ccs/ccs_base/msp430/lib/5xx_6xx_FRxx" -i"/Applications/ti/ccs1040/ccs/ccs_base/msp430/lib/FR59xx" -i"/Applications/ti/ccs1040/ccs/tools/compiler/ti-cgt-msp430_20.2.5.LTS/lib" -i"/Applications/ti/ccs1040/ccs/tools/compiler/ti-cgt-msp430_20.2.5.LTS/include" --priority --reread_libs --define=_MPU_ENABLE --diag_wrap=off --display_error_number --warn_sections --xml_link_info="RadFX_v1_linkInfo.xml" --use_hw_mpy=F5 --rom_model -o "RadFX_v1.out" "./main.obj" "../lnk_msp430fr6989.cmd"  -llibmpu_init.a -llibmath.a -llibc.a 
<Linking>
remark #10372-D: (ULP 4.1) Detected uninitialized Port A in this project. Recommend initializing all unused ports to eliminate wasted current consumption on unused pins.
remark #10372-D: (ULP 4.1) Detected uninitialized Port B in this project. Recommend initializing all unused ports to eliminate wasted current consumption on unused pins.
remark #10372-D: (ULP 4.1) Detected uninitialized Port C in this project. Recommend initializing all unused ports to eliminate wasted current consumption on unused pins.
remark #10372-D: (ULP 4.1) Detected uninitialized Port D in this project. Recommend initializing all unused ports to eliminate wasted current consumption on unused pins.
remark #10372-D: (ULP 4.1) Detected uninitialized Port E in this project. Recommend initializing all unused ports to eliminate wasted current consumption on unused pins.
Finished building target: "RadFX_v1.out"
 

**** Build Finished ****

**** Build of configuration Debug for project RadFX_v1 ****

/Applications/ti/ccs1040/ccs/utils/bin/gmake -k -j 3 all -O 
 
Building file: "../main.c"
Invoking: MSP430 Compiler
"/Applications/ti/ccs1040/ccs/tools/compiler/ti-cgt-msp430_20.2.5.LTS/bin/cl430" -vmspx --data_model=restricted --use_hw_mpy=F5 --include_path="/Applications/ti/ccs1040/ccs/ccs_base/msp430/include" --include_path="/Users/stephen/Desktop/MSP430_Project/resources/CCS/RadFX_v1" --include_path="/Applications/ti/ccs1040/ccs/tools/compiler/ti-cgt-msp430_20.2.5.LTS/include" --advice:power=all --advice:hw_config=all --define=__MSP430FR6989__ --define=_MPU_ENABLE -g --printf_support=minimal --diag_warning=225 --diag_wrap=off --display_error_number --silicon_errata=CPU21 --silicon_errata=CPU22 --silicon_errata=CPU40 --preproc_with_compile --preproc_dependency="main.d_raw"  "../main.c"
"../main.c", line 27: remark #1527-D: (ULP 2.1) Detected SW delay loop using empty loop. Recommend using a timer module instead
"../main.c", line 115: remark #1528-D: (ULP 3.1) Detected flag polling using UCA0IFG. Recommend using an interrupt combined with enter LPMx and ISR
"../main.c", line 138: remark #1530-D: (ULP 5.1) Detected modulo operation(s). Recommend moving them to RAM during run time or not using as these are processing/power intensive
"../main.c", line 139: remark #1530-D: (ULP 5.1) Detected divide operation(s). Recommend moving them to RAM during run time or not using as these are processing/power intensive
"../main.c", line 144: remark #2553-D: (ULP 14.1) Array index (involving "reverse") of type "long". Recommend using "unsigned long"
"../main.c", line 144: remark #1530-D: (ULP 5.1) Detected modulo operation(s). Recommend moving them to RAM during run time or not using as these are processing/power intensive
"../main.c", line 145: remark #1530-D: (ULP 5.1) Detected divide operation(s). Recommend moving them to RAM during run time or not using as these are processing/power intensive
"../main.c", line 177: warning #112-D: statement is unreachable
"../main.c", line 12: remark #1535-D: (ULP 8.1) variable "i" is used as a constant. Recommend declaring variable as either 'static const' or 'const'
Finished building: "../main.c"
 
Building target: "RadFX_v1.out"
Invoking: MSP430 Linker
"/Applications/ti/ccs1040/ccs/tools/compiler/ti-cgt-msp430_20.2.5.LTS/bin/cl430" -vmspx --data_model=restricted --use_hw_mpy=F5 --advice:power=all --advice:hw_config=all --define=__MSP430FR6989__ --define=_MPU_ENABLE -g --printf_support=minimal --diag_warning=225 --diag_wrap=off --display_error_number --silicon_errata=CPU21 --silicon_errata=CPU22 --silicon_errata=CPU40 -z -m"RadFX_v1.map" --heap_size=160 --stack_size=160 --cinit_hold_wdt=on -i"/Applications/ti/ccs1040/ccs/ccs_base/msp430/include" -i"/Applications/ti/ccs1040/ccs/ccs_base/msp430/lib/5xx_6xx_FRxx" -i"/Applications/ti/ccs1040/ccs/ccs_base/msp430/lib/FR59xx" -i"/Applications/ti/ccs1040/ccs/tools/compiler/ti-cgt-msp430_20.2.5.LTS/lib" -i"/Applications/ti/ccs1040/ccs/tools/compiler/ti-cgt-msp430_20.2.5.LTS/include" --priority --reread_libs --define=_MPU_ENABLE --diag_wrap=off --display_error_number --warn_sections --xml_link_info="RadFX_v1_linkInfo.xml" --use_hw_mpy=F5 --rom_model -o "RadFX_v1.out" "./main.obj" "../lnk_msp430fr6989.cmd"  -llibmpu_init.a -llibmath.a -llibc.a 
<Linking>
remark #10372-D: (ULP 4.1) Detected uninitialized Port A in this project. Recommend initializing all unused ports to eliminate wasted current consumption on unused pins.
remark #10372-D: (ULP 4.1) Detected uninitialized Port B in this project. Recommend initializing all unused ports to eliminate wasted current consumption on unused pins.
remark #10372-D: (ULP 4.1) Detected uninitialized Port C in this project. Recommend initializing all unused ports to eliminate wasted current consumption on unused pins.
remark #10372-D: (ULP 4.1) Detected uninitialized Port D in this project. Recommend initializing all unused ports to eliminate wasted current consumption on unused pins.
remark #10372-D: (ULP 4.1) Detected uninitialized Port E in this project. Recommend initializing all unused ports to eliminate wasted current consumption on unused pins.
Finished building target: "RadFX_v1.out"
 

**** Build Finished ****

**** Build of configuration Debug for project RadFX_v1 ****

/Applications/ti/ccs1040/ccs/utils/bin/gmake -k -j 3 all -O 
 
gmake[1]: 'RadFX_v1.out' is up to date.

**** Build Finished ****

**** Build of configuration Debug for project RadFX_v1 ****

/Applications/ti/ccs1040/ccs/utils/bin/gmake -k -j 3 all -O 
 
Building file: "../main.c"
Invoking: MSP430 Compiler
"/Applications/ti/ccs1040/ccs/tools/compiler/ti-cgt-msp430_20.2.5.LTS/bin/cl430" -vmspx --data_model=restricted --use_hw_mpy=F5 --include_path="/Applications/ti/ccs1040/ccs/ccs_base/msp430/include" --include_path="/Users/stephen/Desktop/MSP430_Project/resources/CCS/RadFX_v1" --include_path="/Applications/ti/ccs1040/ccs/tools/compiler/ti-cgt-msp430_20.2.5.LTS/include" --advice:power=all --advice:hw_config=all --define=__MSP430FR6989__ --define=_MPU_ENABLE -g --printf_support=minimal --diag_warning=225 --diag_wrap=off --display_error_number --silicon_errata=CPU21 --silicon_errata=CPU22 --silicon_errata=CPU40 --preproc_with_compile --preproc_dependency="main.d_raw"  "../main.c"
"../main.c", line 29: remark #1527-D: (ULP 2.1) Detected SW delay loop using empty loop. Recommend using a timer module instead
"../main.c", line 117: remark #1528-D: (ULP 3.1) Detected flag polling using UCA0IFG. Recommend using an interrupt combined with enter LPMx and ISR
"../main.c", line 140: remark #1530-D: (ULP 5.1) Detected modulo operation(s). Recommend moving them to RAM during run time or not using as these are processing/power intensive
"../main.c", line 141: remark #1530-D: (ULP 5.1) Detected divide operation(s). Recommend moving them to RAM during run time or not using as these are processing/power intensive
"../main.c", line 146: remark #2553-D: (ULP 14.1) Array index (involving "reverse") of type "long". Recommend using "unsigned long"
"../main.c", line 146: remark #1530-D: (ULP 5.1) Detected modulo operation(s). Recommend moving them to RAM during run time or not using as these are processing/power intensive
"../main.c", line 147: remark #1530-D: (ULP 5.1) Detected divide operation(s). Recommend moving them to RAM during run time or not using as these are processing/power intensive
"../main.c", line 179: warning #112-D: statement is unreachable
"../main.c", line 12: remark #1535-D: (ULP 8.1) variable "i" is used as a constant. Recommend declaring variable as either 'static const' or 'const'
Finished building: "../main.c"
 
Building target: "RadFX_v1.out"
Invoking: MSP430 Linker
"/Applications/ti/ccs1040/ccs/tools/compiler/ti-cgt-msp430_20.2.5.LTS/bin/cl430" -vmspx --data_model=restricted --use_hw_mpy=F5 --advice:power=all --advice:hw_config=all --define=__MSP430FR6989__ --define=_MPU_ENABLE -g --printf_support=minimal --diag_warning=225 --diag_wrap=off --display_error_number --silicon_errata=CPU21 --silicon_errata=CPU22 --silicon_errata=CPU40 -z -m"RadFX_v1.map" --heap_size=160 --stack_size=160 --cinit_hold_wdt=on -i"/Applications/ti/ccs1040/ccs/ccs_base/msp430/include" -i"/Applications/ti/ccs1040/ccs/ccs_base/msp430/lib/5xx_6xx_FRxx" -i"/Applications/ti/ccs1040/ccs/ccs_base/msp430/lib/FR59xx" -i"/Applications/ti/ccs1040/ccs/tools/compiler/ti-cgt-msp430_20.2.5.LTS/lib" -i"/Applications/ti/ccs1040/ccs/tools/compiler/ti-cgt-msp430_20.2.5.LTS/include" --priority --reread_libs --define=_MPU_ENABLE --diag_wrap=off --display_error_number --warn_sections --xml_link_info="RadFX_v1_linkInfo.xml" --use_hw_mpy=F5 --rom_model -o "RadFX_v1.out" "./main.obj" "../lnk_msp430fr6989.cmd"  -llibmpu_init.a -llibmath.a -llibc.a 
<Linking>
remark #10372-D: (ULP 4.1) Detected uninitialized Port A in this project. Recommend initializing all unused ports to eliminate wasted current consumption on unused pins.
remark #10372-D: (ULP 4.1) Detected uninitialized Port B in this project. Recommend initializing all unused ports to eliminate wasted current consumption on unused pins.
remark #10372-D: (ULP 4.1) Detected uninitialized Port C in this project. Recommend initializing all unused ports to eliminate wasted current consumption on unused pins.
remark #10372-D: (ULP 4.1) Detected uninitialized Port D in this project. Recommend initializing all unused ports to eliminate wasted current consumption on unused pins.
remark #10372-D: (ULP 4.1) Detected uninitialized Port E in this project. Recommend initializing all unused ports to eliminate wasted current consumption on unused pins.
Finished building target: "RadFX_v1.out"
 

**** Build Finished ****

**** Build of configuration Debug for project RadFX_v1 ****

/Applications/ti/ccs1040/ccs/utils/bin/gmake -k -j 3 all -O 
 
Building file: "../main.c"
Invoking: MSP430 Compiler
"/Applications/ti/ccs1040/ccs/tools/compiler/ti-cgt-msp430_20.2.5.LTS/bin/cl430" -vmspx --data_model=restricted --use_hw_mpy=F5 --include_path="/Applications/ti/ccs1040/ccs/ccs_base/msp430/include" --include_path="/Users/stephen/Desktop/MSP430_Project/resources/CCS/RadFX_v1" --include_path="/Applications/ti/ccs1040/ccs/tools/compiler/ti-cgt-msp430_20.2.5.LTS/include" --advice:power=all --advice:hw_config=all --define=__MSP430FR6989__ --define=_MPU_ENABLE -g --printf_support=minimal --diag_warning=225 --diag_wrap=off --display_error_number --silicon_errata=CPU21 --silicon_errata=CPU22 --silicon_errata=CPU40 --preproc_with_compile --preproc_dependency="main.d_raw"  "../main.c"
"../main.c", line 29: remark #1527-D: (ULP 2.1) Detected SW delay loop using empty loop. Recommend using a timer module instead
"../main.c", line 116: remark #1528-D: (ULP 3.1) Detected flag polling using UCA0IFG. Recommend using an interrupt combined with enter LPMx and ISR
"../main.c", line 139: remark #1530-D: (ULP 5.1) Detected modulo operation(s). Recommend moving them to RAM during run time or not using as these are processing/power intensive
"../main.c", line 140: remark #1530-D: (ULP 5.1) Detected divide operation(s). Recommend moving them to RAM during run time or not using as these are processing/power intensive
"../main.c", line 145: remark #2553-D: (ULP 14.1) Array index (involving "reverse") of type "long". Recommend using "unsigned long"
"../main.c", line 145: remark #1530-D: (ULP 5.1) Detected modulo operation(s). Recommend moving them to RAM during run time or not using as these are processing/power intensive
"../main.c", line 146: remark #1530-D: (ULP 5.1) Detected divide operation(s). Recommend moving them to RAM during run time or not using as these are processing/power intensive
"../main.c", line 178: warning #112-D: statement is unreachable
"../main.c", line 12: remark #1535-D: (ULP 8.1) variable "i" is used as a constant. Recommend declaring variable as either 'static const' or 'const'
Finished building: "../main.c"
 
Building file: "../memex_code_for_reference.c"
Invoking: MSP430 Compiler
"/Applications/ti/ccs1040/ccs/tools/compiler/ti-cgt-msp430_20.2.5.LTS/bin/cl430" -vmspx --data_model=restricted --use_hw_mpy=F5 --include_path="/Applications/ti/ccs1040/ccs/ccs_base/msp430/include" --include_path="/Users/stephen/Desktop/MSP430_Project/resources/CCS/RadFX_v1" --include_path="/Applications/ti/ccs1040/ccs/tools/compiler/ti-cgt-msp430_20.2.5.LTS/include" --advice:power=all --advice:hw_config=all --define=__MSP430FR6989__ --define=_MPU_ENABLE -g --printf_support=minimal --diag_warning=225 --diag_wrap=off --display_error_number --silicon_errata=CPU21 --silicon_errata=CPU22 --silicon_errata=CPU40 --preproc_with_compile --preproc_dependency="memex_code_for_reference.d_raw"  "../memex_code_for_reference.c"
"../memex_code_for_reference.c", line 146: remark #1528-D: (ULP 3.1) Detected flag polling using UCA0IFG. Recommend using an interrupt combined with enter LPMx and ISR
"../memex_code_for_reference.c", line 169: remark #1530-D: (ULP 5.1) Detected modulo operation(s). Recommend moving them to RAM during run time or not using as these are processing/power intensive
"../memex_code_for_reference.c", line 170: remark #1530-D: (ULP 5.1) Detected divide operation(s). Recommend moving them to RAM during run time or not using as these are processing/power intensive
"../memex_code_for_reference.c", line 175: remark #2553-D: (ULP 14.1) Array index (involving "reverse") of type "long". Recommend using "unsigned long"
"../memex_code_for_reference.c", line 175: remark #1530-D: (ULP 5.1) Detected modulo operation(s). Recommend moving them to RAM during run time or not using as these are processing/power intensive
"../memex_code_for_reference.c", line 176: remark #1530-D: (ULP 5.1) Detected divide operation(s). Recommend moving them to RAM during run time or not using as these are processing/power intensive
"../memex_code_for_reference.c", line 207: warning #225-D: function "lut_init" declared implicitly
"../memex_code_for_reference.c", line 209: warning #179-D: variable "command" was declared but never referenced
Finished building: "../memex_code_for_reference.c"
 
Building target: "RadFX_v1.out"
Invoking: MSP430 Linker
"/Applications/ti/ccs1040/ccs/tools/compiler/ti-cgt-msp430_20.2.5.LTS/bin/cl430" -vmspx --data_model=restricted --use_hw_mpy=F5 --advice:power=all --advice:hw_config=all --define=__MSP430FR6989__ --define=_MPU_ENABLE -g --printf_support=minimal --diag_warning=225 --diag_wrap=off --display_error_number --silicon_errata=CPU21 --silicon_errata=CPU22 --silicon_errata=CPU40 -z -m"RadFX_v1.map" --heap_size=160 --stack_size=160 --cinit_hold_wdt=on -i"/Applications/ti/ccs1040/ccs/ccs_base/msp430/include" -i"/Applications/ti/ccs1040/ccs/ccs_base/msp430/lib/5xx_6xx_FRxx" -i"/Applications/ti/ccs1040/ccs/ccs_base/msp430/lib/FR59xx" -i"/Applications/ti/ccs1040/ccs/tools/compiler/ti-cgt-msp430_20.2.5.LTS/lib" -i"/Applications/ti/ccs1040/ccs/tools/compiler/ti-cgt-msp430_20.2.5.LTS/include" --priority --reread_libs --define=_MPU_ENABLE --diag_wrap=off --display_error_number --warn_sections --xml_link_info="RadFX_v1_linkInfo.xml" --use_hw_mpy=F5 --rom_model -o "RadFX_v1.out" "./main.obj" "./memex_code_for_reference.obj" "../lnk_msp430fr6989.cmd"  -llibmpu_init.a -llibmath.a -llibc.a 
<Linking>
error #10056: symbol "__TI_int47" redefined: first defined in "./main.obj"; redefined in "./memex_code_for_reference.obj"
error #10056: symbol "__TI_int45" redefined: first defined in "./main.obj"; redefined in "./memex_code_for_reference.obj"
error #10056: symbol "uart_tx_number" redefined: first defined in "./main.obj"; redefined in "./memex_code_for_reference.obj"
error #10056: symbol "uart_tx" redefined: first defined in "./main.obj"; redefined in "./memex_code_for_reference.obj"
error #10056: symbol "ADC12_ISR" redefined: first defined in "./main.obj"; redefined in "./memex_code_for_reference.obj"
error #10056: symbol "USCI_A0_ISR" redefined: first defined in "./main.obj"; redefined in "./memex_code_for_reference.obj"
error #10056: symbol "uart_tx_string" redefined: first defined in "./main.obj"; redefined in "./memex_code_for_reference.obj"
error #10056: symbol "read_adc" redefined: first defined in "./main.obj"; redefined in "./memex_code_for_reference.obj"
error #10056: symbol "main" redefined: first defined in "./main.obj"; redefined in "./memex_code_for_reference.obj"
error #10010: errors encountered during linking; "RadFX_v1.out" not built
remark #10372-D: (ULP 4.1) Detected uninitialized Port A in this project. Recommend initializing all unused ports to eliminate wasted current consumption on unused pins.
remark #10372-D: (ULP 4.1) Detected uninitialized Port E in this project. Recommend initializing all unused ports to eliminate wasted current consumption on unused pins.
 
>> Compilation failure
makefile:142: recipe for target 'RadFX_v1.out' failed
makefile:138: recipe for target 'all' failed
gmake[1]: *** [RadFX_v1.out] Error 1
gmake: *** [all] Error 2

**** Build Finished ****

**** Build of configuration Debug for project RadFX_v1 ****

/Applications/ti/ccs1040/ccs/utils/bin/gmake -k -j 3 all -O 
 
Building target: "RadFX_v1.out"
Invoking: MSP430 Linker
"/Applications/ti/ccs1040/ccs/tools/compiler/ti-cgt-msp430_20.2.5.LTS/bin/cl430" -vmspx --data_model=restricted --use_hw_mpy=F5 --advice:power=all --advice:hw_config=all --define=__MSP430FR6989__ --define=_MPU_ENABLE -g --printf_support=minimal --diag_warning=225 --diag_wrap=off --display_error_number --silicon_errata=CPU21 --silicon_errata=CPU22 --silicon_errata=CPU40 -z -m"RadFX_v1.map" --heap_size=160 --stack_size=160 --cinit_hold_wdt=on -i"/Applications/ti/ccs1040/ccs/ccs_base/msp430/include" -i"/Applications/ti/ccs1040/ccs/ccs_base/msp430/lib/5xx_6xx_FRxx" -i"/Applications/ti/ccs1040/ccs/ccs_base/msp430/lib/FR59xx" -i"/Applications/ti/ccs1040/ccs/tools/compiler/ti-cgt-msp430_20.2.5.LTS/lib" -i"/Applications/ti/ccs1040/ccs/tools/compiler/ti-cgt-msp430_20.2.5.LTS/include" --priority --reread_libs --define=_MPU_ENABLE --diag_wrap=off --display_error_number --warn_sections --xml_link_info="RadFX_v1_linkInfo.xml" --use_hw_mpy=F5 --rom_model -o "RadFX_v1.out" "./main.obj" "./memex_code_for_reference.obj" "../lnk_msp430fr6989.cmd"  -llibmpu_init.a -llibmath.a -llibc.a 
<Linking>
error #10056: symbol "__TI_int47" redefined: first defined in "./main.obj"; redefined in "./memex_code_for_reference.obj"
error #10056: symbol "__TI_int45" redefined: first defined in "./main.obj"; redefined in "./memex_code_for_reference.obj"
error #10056: symbol "uart_tx_number" redefined: first defined in "./main.obj"; redefined in "./memex_code_for_reference.obj"
error #10056: symbol "uart_tx" redefined: first defined in "./main.obj"; redefined in "./memex_code_for_reference.obj"
error #10056: symbol "ADC12_ISR" redefined: first defined in "./main.obj"; redefined in "./memex_code_for_reference.obj"
error #10056: symbol "USCI_A0_ISR" redefined: first defined in "./main.obj"; redefined in "./memex_code_for_reference.obj"
error #10056: symbol "uart_tx_string" redefined: first defined in "./main.obj"; redefined in "./memex_code_for_reference.obj"
error #10056: symbol "read_adc" redefined: first defined in "./main.obj"; redefined in "./memex_code_for_reference.obj"
error #10056: symbol "main" redefined: first defined in "./main.obj"; redefined in "./memex_code_for_reference.obj"
error #10010: errors encountered during linking; "RadFX_v1.out" not built
remark #10372-D: (ULP 4.1) Detected uninitialized Port A in this project. Recommend initializing all unused ports to eliminate wasted current consumption on unused pins.
remark #10372-D: (ULP 4.1) Detected uninitialized Port E in this project. Recommend initializing all unused ports to eliminate wasted current consumption on unused pins.
 
>> Compilation failure
makefile:142: recipe for target 'RadFX_v1.out' failed
gmake[1]: *** [RadFX_v1.out] Error 1
gmake: *** [all] Error 2
makefile:138: recipe for target 'all' failed

**** Build Finished ****

**** Build of configuration Debug for project RadFX_v1 ****

/Applications/ti/ccs1040/ccs/utils/bin/gmake -k -j 3 all -O 
 
Building target: "RadFX_v1.out"
Invoking: MSP430 Linker
"/Applications/ti/ccs1040/ccs/tools/compiler/ti-cgt-msp430_20.2.5.LTS/bin/cl430" -vmspx --data_model=restricted --use_hw_mpy=F5 --advice:power=all --advice:hw_config=all --define=__MSP430FR6989__ --define=_MPU_ENABLE -g --printf_support=minimal --diag_warning=225 --diag_wrap=off --display_error_number --silicon_errata=CPU21 --silicon_errata=CPU22 --silicon_errata=CPU40 -z -m"RadFX_v1.map" --heap_size=160 --stack_size=160 --cinit_hold_wdt=on -i"/Applications/ti/ccs1040/ccs/ccs_base/msp430/include" -i"/Applications/ti/ccs1040/ccs/ccs_base/msp430/lib/5xx_6xx_FRxx" -i"/Applications/ti/ccs1040/ccs/ccs_base/msp430/lib/FR59xx" -i"/Applications/ti/ccs1040/ccs/tools/compiler/ti-cgt-msp430_20.2.5.LTS/lib" -i"/Applications/ti/ccs1040/ccs/tools/compiler/ti-cgt-msp430_20.2.5.LTS/include" --priority --reread_libs --define=_MPU_ENABLE --diag_wrap=off --display_error_number --warn_sections --xml_link_info="RadFX_v1_linkInfo.xml" --use_hw_mpy=F5 --rom_model -o "RadFX_v1.out" "./main.obj" "../lnk_msp430fr6989.cmd"  -llibmpu_init.a -llibmath.a -llibc.a 
<Linking>
remark #10372-D: (ULP 4.1) Detected uninitialized Port A in this project. Recommend initializing all unused ports to eliminate wasted current consumption on unused pins.
remark #10372-D: (ULP 4.1) Detected uninitialized Port B in this project. Recommend initializing all unused ports to eliminate wasted current consumption on unused pins.
remark #10372-D: (ULP 4.1) Detected uninitialized Port C in this project. Recommend initializing all unused ports to eliminate wasted current consumption on unused pins.
remark #10372-D: (ULP 4.1) Detected uninitialized Port D in this project. Recommend initializing all unused ports to eliminate wasted current consumption on unused pins.
remark #10372-D: (ULP 4.1) Detected uninitialized Port E in this project. Recommend initializing all unused ports to eliminate wasted current consumption on unused pins.
Finished building target: "RadFX_v1.out"
 

**** Build Finished ****

**** Build of configuration Debug for project RadFX_v1 ****

/Applications/ti/ccs1040/ccs/utils/bin/gmake -k -j 3 all -O 
 
gmake[1]: 'RadFX_v1.out' is up to date.

**** Build Finished ****

**** Build of configuration Debug for project RadFX_v1 ****

/Applications/ti/ccs1040/ccs/utils/bin/gmake -k -j 3 all -O 
 
Building file: "../main.c"
Invoking: MSP430 Compiler
"/Applications/ti/ccs1040/ccs/tools/compiler/ti-cgt-msp430_20.2.5.LTS/bin/cl430" -vmspx --data_model=restricted --use_hw_mpy=F5 --include_path="/Applications/ti/ccs1040/ccs/ccs_base/msp430/include" --include_path="/Users/stephen/Desktop/MSP430_Project/resources/CCS/RadFX_v1" --include_path="/Applications/ti/ccs1040/ccs/tools/compiler/ti-cgt-msp430_20.2.5.LTS/include" --advice:power=all --advice:hw_config=all --define=__MSP430FR6989__ --define=_MPU_ENABLE -g --printf_support=minimal --diag_warning=225 --diag_wrap=off --display_error_number --silicon_errata=CPU21 --silicon_errata=CPU22 --silicon_errata=CPU40 --preproc_with_compile --preproc_dependency="main.d_raw"  "../main.c"
"../main.c", line 29: remark #1527-D: (ULP 2.1) Detected SW delay loop using empty loop. Recommend using a timer module instead
"../main.c", line 116: remark #1528-D: (ULP 3.1) Detected flag polling using UCA0IFG. Recommend using an interrupt combined with enter LPMx and ISR
"../main.c", line 139: remark #1530-D: (ULP 5.1) Detected modulo operation(s). Recommend moving them to RAM during run time or not using as these are processing/power intensive
"../main.c", line 140: remark #1530-D: (ULP 5.1) Detected divide operation(s). Recommend moving them to RAM during run time or not using as these are processing/power intensive
"../main.c", line 145: remark #2553-D: (ULP 14.1) Array index (involving "reverse") of type "long". Recommend using "unsigned long"
"../main.c", line 145: remark #1530-D: (ULP 5.1) Detected modulo operation(s). Recommend moving them to RAM during run time or not using as these are processing/power intensive
"../main.c", line 146: remark #1530-D: (ULP 5.1) Detected divide operation(s). Recommend moving them to RAM during run time or not using as these are processing/power intensive
"../main.c", line 12: remark #1535-D: (ULP 8.1) variable "i" is used as a constant. Recommend declaring variable as either 'static const' or 'const'
Finished building: "../main.c"
 
Building target: "RadFX_v1.out"
Invoking: MSP430 Linker
"/Applications/ti/ccs1040/ccs/tools/compiler/ti-cgt-msp430_20.2.5.LTS/bin/cl430" -vmspx --data_model=restricted --use_hw_mpy=F5 --advice:power=all --advice:hw_config=all --define=__MSP430FR6989__ --define=_MPU_ENABLE -g --printf_support=minimal --diag_warning=225 --diag_wrap=off --display_error_number --silicon_errata=CPU21 --silicon_errata=CPU22 --silicon_errata=CPU40 -z -m"RadFX_v1.map" --heap_size=160 --stack_size=160 --cinit_hold_wdt=on -i"/Applications/ti/ccs1040/ccs/ccs_base/msp430/include" -i"/Applications/ti/ccs1040/ccs/ccs_base/msp430/lib/5xx_6xx_FRxx" -i"/Applications/ti/ccs1040/ccs/ccs_base/msp430/lib/FR59xx" -i"/Applications/ti/ccs1040/ccs/tools/compiler/ti-cgt-msp430_20.2.5.LTS/lib" -i"/Applications/ti/ccs1040/ccs/tools/compiler/ti-cgt-msp430_20.2.5.LTS/include" --priority --reread_libs --define=_MPU_ENABLE --diag_wrap=off --display_error_number --warn_sections --xml_link_info="RadFX_v1_linkInfo.xml" --use_hw_mpy=F5 --rom_model -o "RadFX_v1.out" "./main.obj" "../lnk_msp430fr6989.cmd"  -llibmpu_init.a -llibmath.a -llibc.a 
<Linking>
remark #10372-D: (ULP 4.1) Detected uninitialized Port A in this project. Recommend initializing all unused ports to eliminate wasted current consumption on unused pins.
remark #10372-D: (ULP 4.1) Detected uninitialized Port B in this project. Recommend initializing all unused ports to eliminate wasted current consumption on unused pins.
remark #10372-D: (ULP 4.1) Detected uninitialized Port C in this project. Recommend initializing all unused ports to eliminate wasted current consumption on unused pins.
remark #10372-D: (ULP 4.1) Detected uninitialized Port D in this project. Recommend initializing all unused ports to eliminate wasted current consumption on unused pins.
remark #10372-D: (ULP 4.1) Detected uninitialized Port E in this project. Recommend initializing all unused ports to eliminate wasted current consumption on unused pins.
Finished building target: "RadFX_v1.out"
 

**** Build Finished ****

**** Build of configuration Debug for project RadFX_v1 ****

/Applications/ti/ccs1040/ccs/utils/bin/gmake -k -j 3 all -O 
 
gmake[1]: 'RadFX_v1.out' is up to date.

**** Build Finished ****

**** Build of configuration Debug for project RadFX_v1 ****

/Applications/ti/ccs1040/ccs/utils/bin/gmake -k -j 3 all -O 
 
Building file: "../main.c"
Invoking: MSP430 Compiler
"/Applications/ti/ccs1040/ccs/tools/compiler/ti-cgt-msp430_20.2.5.LTS/bin/cl430" -vmspx --data_model=restricted --use_hw_mpy=F5 --include_path="/Applications/ti/ccs1040/ccs/ccs_base/msp430/include" --include_path="/Users/stephen/Desktop/MSP430_Project/resources/CCS/RadFX_v1" --include_path="/Applications/ti/ccs1040/ccs/tools/compiler/ti-cgt-msp430_20.2.5.LTS/include" --advice:power=all --advice:hw_config=all --define=__MSP430FR6989__ --define=_MPU_ENABLE -g --printf_support=minimal --diag_warning=225 --diag_wrap=off --display_error_number --silicon_errata=CPU21 --silicon_errata=CPU22 --silicon_errata=CPU40 --preproc_with_compile --preproc_dependency="main.d_raw"  "../main.c"
"../main.c", line 31: remark #1527-D: (ULP 2.1) Detected SW delay loop using empty loop. Recommend using a timer module instead
"../main.c", line 118: remark #1528-D: (ULP 3.1) Detected flag polling using UCA0IFG. Recommend using an interrupt combined with enter LPMx and ISR
"../main.c", line 141: remark #1530-D: (ULP 5.1) Detected modulo operation(s). Recommend moving them to RAM during run time or not using as these are processing/power intensive
"../main.c", line 142: remark #1530-D: (ULP 5.1) Detected divide operation(s). Recommend moving them to RAM during run time or not using as these are processing/power intensive
"../main.c", line 147: remark #2553-D: (ULP 14.1) Array index (involving "reverse") of type "long". Recommend using "unsigned long"
"../main.c", line 147: remark #1530-D: (ULP 5.1) Detected modulo operation(s). Recommend moving them to RAM during run time or not using as these are processing/power intensive
"../main.c", line 148: remark #1530-D: (ULP 5.1) Detected divide operation(s). Recommend moving them to RAM during run time or not using as these are processing/power intensive
"../main.c", line 175: remark #1527-D: (ULP 2.1) Detected SW delay loop using __no_operation. Recommend using a timer module instead
"../main.c", line 14: remark #1535-D: (ULP 8.1) variable "i" is used as a constant. Recommend declaring variable as either 'static const' or 'const'
Finished building: "../main.c"
 
Building target: "RadFX_v1.out"
Invoking: MSP430 Linker
"/Applications/ti/ccs1040/ccs/tools/compiler/ti-cgt-msp430_20.2.5.LTS/bin/cl430" -vmspx --data_model=restricted --use_hw_mpy=F5 --advice:power=all --advice:hw_config=all --define=__MSP430FR6989__ --define=_MPU_ENABLE -g --printf_support=minimal --diag_warning=225 --diag_wrap=off --display_error_number --silicon_errata=CPU21 --silicon_errata=CPU22 --silicon_errata=CPU40 -z -m"RadFX_v1.map" --heap_size=160 --stack_size=160 --cinit_hold_wdt=on -i"/Applications/ti/ccs1040/ccs/ccs_base/msp430/include" -i"/Applications/ti/ccs1040/ccs/ccs_base/msp430/lib/5xx_6xx_FRxx" -i"/Applications/ti/ccs1040/ccs/ccs_base/msp430/lib/FR59xx" -i"/Applications/ti/ccs1040/ccs/tools/compiler/ti-cgt-msp430_20.2.5.LTS/lib" -i"/Applications/ti/ccs1040/ccs/tools/compiler/ti-cgt-msp430_20.2.5.LTS/include" --priority --reread_libs --define=_MPU_ENABLE --diag_wrap=off --display_error_number --warn_sections --xml_link_info="RadFX_v1_linkInfo.xml" --use_hw_mpy=F5 --rom_model -o "RadFX_v1.out" "./main.obj" "../lnk_msp430fr6989.cmd"  -llibmpu_init.a -llibmath.a -llibc.a 
<Linking>
remark #10372-D: (ULP 4.1) Detected uninitialized Port A in this project. Recommend initializing all unused ports to eliminate wasted current consumption on unused pins.
remark #10372-D: (ULP 4.1) Detected uninitialized Port B in this project. Recommend initializing all unused ports to eliminate wasted current consumption on unused pins.
remark #10372-D: (ULP 4.1) Detected uninitialized Port C in this project. Recommend initializing all unused ports to eliminate wasted current consumption on unused pins.
remark #10372-D: (ULP 4.1) Detected uninitialized Port D in this project. Recommend initializing all unused ports to eliminate wasted current consumption on unused pins.
remark #10372-D: (ULP 4.1) Detected uninitialized Port E in this project. Recommend initializing all unused ports to eliminate wasted current consumption on unused pins.
Finished building target: "RadFX_v1.out"
 

**** Build Finished ****

**** Build of configuration Debug for project RadFX_v1 ****

/Applications/ti/ccs1040/ccs/utils/bin/gmake -k -j 3 all -O 
 
Building file: "../main.c"
Invoking: MSP430 Compiler
"/Applications/ti/ccs1040/ccs/tools/compiler/ti-cgt-msp430_20.2.5.LTS/bin/cl430" -vmspx --data_model=restricted --use_hw_mpy=F5 --include_path="/Applications/ti/ccs1040/ccs/ccs_base/msp430/include" --include_path="/Users/stephen/Desktop/MSP430_Project/resources/CCS/RadFX_v1" --include_path="/Applications/ti/ccs1040/ccs/tools/compiler/ti-cgt-msp430_20.2.5.LTS/include" --advice:power=all --advice:hw_config=all --define=__MSP430FR6989__ --define=_MPU_ENABLE -g --printf_support=minimal --diag_warning=225 --diag_wrap=off --display_error_number --silicon_errata=CPU21 --silicon_errata=CPU22 --silicon_errata=CPU40 --preproc_with_compile --preproc_dependency="main.d_raw"  "../main.c"
"../main.c", line 36: remark #1527-D: (ULP 2.1) Detected SW delay loop using empty loop. Recommend using a timer module instead
"../main.c", line 123: remark #1528-D: (ULP 3.1) Detected flag polling using UCA0IFG. Recommend using an interrupt combined with enter LPMx and ISR
"../main.c", line 146: remark #1530-D: (ULP 5.1) Detected modulo operation(s). Recommend moving them to RAM during run time or not using as these are processing/power intensive
"../main.c", line 147: remark #1530-D: (ULP 5.1) Detected divide operation(s). Recommend moving them to RAM during run time or not using as these are processing/power intensive
"../main.c", line 152: remark #2553-D: (ULP 14.1) Array index (involving "reverse") of type "long". Recommend using "unsigned long"
"../main.c", line 152: remark #1530-D: (ULP 5.1) Detected modulo operation(s). Recommend moving them to RAM during run time or not using as these are processing/power intensive
"../main.c", line 153: remark #1530-D: (ULP 5.1) Detected divide operation(s). Recommend moving them to RAM during run time or not using as these are processing/power intensive
"../main.c", line 180: remark #1527-D: (ULP 2.1) Detected SW delay loop using __no_operation. Recommend using a timer module instead
"../main.c", line 19: remark #1534-D: (ULP 7.1) Detected use of global variable "token" within one function "USCI_A0_ISR". Recommend placing variable in the function locally
Finished building: "../main.c"
 
Building target: "RadFX_v1.out"
Invoking: MSP430 Linker
"/Applications/ti/ccs1040/ccs/tools/compiler/ti-cgt-msp430_20.2.5.LTS/bin/cl430" -vmspx --data_model=restricted --use_hw_mpy=F5 --advice:power=all --advice:hw_config=all --define=__MSP430FR6989__ --define=_MPU_ENABLE -g --printf_support=minimal --diag_warning=225 --diag_wrap=off --display_error_number --silicon_errata=CPU21 --silicon_errata=CPU22 --silicon_errata=CPU40 -z -m"RadFX_v1.map" --heap_size=160 --stack_size=160 --cinit_hold_wdt=on -i"/Applications/ti/ccs1040/ccs/ccs_base/msp430/include" -i"/Applications/ti/ccs1040/ccs/ccs_base/msp430/lib/5xx_6xx_FRxx" -i"/Applications/ti/ccs1040/ccs/ccs_base/msp430/lib/FR59xx" -i"/Applications/ti/ccs1040/ccs/tools/compiler/ti-cgt-msp430_20.2.5.LTS/lib" -i"/Applications/ti/ccs1040/ccs/tools/compiler/ti-cgt-msp430_20.2.5.LTS/include" --priority --reread_libs --define=_MPU_ENABLE --diag_wrap=off --display_error_number --warn_sections --xml_link_info="RadFX_v1_linkInfo.xml" --use_hw_mpy=F5 --rom_model -o "RadFX_v1.out" "./main.obj" "../lnk_msp430fr6989.cmd"  -llibmpu_init.a -llibmath.a -llibc.a 
<Linking>
remark #10372-D: (ULP 4.1) Detected uninitialized Port A in this project. Recommend initializing all unused ports to eliminate wasted current consumption on unused pins.
remark #10372-D: (ULP 4.1) Detected uninitialized Port B in this project. Recommend initializing all unused ports to eliminate wasted current consumption on unused pins.
remark #10372-D: (ULP 4.1) Detected uninitialized Port C in this project. Recommend initializing all unused ports to eliminate wasted current consumption on unused pins.
remark #10372-D: (ULP 4.1) Detected uninitialized Port D in this project. Recommend initializing all unused ports to eliminate wasted current consumption on unused pins.
remark #10372-D: (ULP 4.1) Detected uninitialized Port E in this project. Recommend initializing all unused ports to eliminate wasted current consumption on unused pins.
Finished building target: "RadFX_v1.out"
 

**** Build Finished ****
